<?xml version="1.0" encoding="UTF-8"?>
<!-- Generated by org.testng.reporters.JUnitReportReporter -->
<testsuite hostname="victorReddy" failures="0" tests="3" name="com.tutorialsninja.SearchTest" time="10.456" errors="0" timestamp="2024-04-17T22:26:09 IST" skipped="0">
  <testcase classname="com.tutorialsninja.SearchTest" name="searchForValidProduct" time="4.423"/>
  <testcase classname="com.tutorialsninja.SearchTest" name="searchForInValidProduct" time="3.114"/>
  <testcase classname="com.tutorialsninja.SearchTest" name="searchForWithoutProvidingCredentials" time="2.919"/>
</testsuite> <!-- com.tutorialsninja.SearchTest -->
