<?xml version="1.0" encoding="UTF-8"?>
<!-- Generated by org.testng.reporters.JUnitReportReporter -->
<testsuite hostname="victorReddy" failures="0" tests="4" name="com.tutorialsninja.RegisterTest" time="17.091" errors="0" timestamp="2024-04-17T22:26:09 IST" skipped="0">
  <testcase classname="com.tutorialsninja.RegisterTest" name="verityRegisterAnAccountWithMandatoryFields" time="4.504"/>
  <testcase classname="com.tutorialsninja.RegisterTest" name="verityRegisterAnAccountWithAllfields" time="4.465"/>
  <testcase classname="com.tutorialsninja.RegisterTest" name="verityRegisterAnAccountWithExistingEmailAddresss" time="4.499"/>
  <testcase classname="com.tutorialsninja.RegisterTest" name="verityRegisterAnAccountWithoutAntCretendials" time="3.623"/>
</testsuite> <!-- com.tutorialsninja.RegisterTest -->
