<?xml version="1.0" encoding="UTF-8"?>
<!-- Generated by org.testng.reporters.JUnitReportReporter -->
<testsuite hostname="victorReddy" failures="0" tests="3" name="com.tutorialsninja.Search" time="13.739" errors="0" timestamp="2024-04-17T21:05:13 IST" skipped="0">
  <testcase classname="com.tutorialsninja.Search" name="searchForValidProduct" time="6.123"/>
  <testcase classname="com.tutorialsninja.Search" name="searchForInValidProduct" time="3.918"/>
  <testcase classname="com.tutorialsninja.Search" name="searchForWithoutProvidingCredentials" time="3.698"/>
</testsuite> <!-- com.tutorialsninja.Search -->
