<?xml version="1.0" encoding="UTF-8"?>
<!-- Generated by org.testng.reporters.JUnitReportReporter -->
<testsuite hostname="victorReddy" failures="0" tests="6" name="com.tutorialsninja.LoginTest" time="23.598" errors="0" timestamp="2024-04-17T22:26:09 IST" skipped="0">
  <testcase classname="com.tutorialsninja.LoginTest" name="verifyLoginWithVaildCredentails" time="4.126"/>
  <testcase classname="com.tutorialsninja.LoginTest" name="verifyLoginWithVaildCredentails" time="4.023"/>
  <testcase classname="com.tutorialsninja.LoginTest" name="verifyLoginwithInvalidCredentails" time="3.912"/>
  <testcase classname="com.tutorialsninja.LoginTest" name="verifyLoginwithInvalidEmailAndValidPassword" time="3.904"/>
  <testcase classname="com.tutorialsninja.LoginTest" name="verifyLoginwithvalidEmailAndInValidPassword" time="4.207"/>
  <testcase classname="com.tutorialsninja.LoginTest" name="verifyLoginwithoutProvindingCretials" time="3.426"/>
</testsuite> <!-- com.tutorialsninja.LoginTest -->
