<?xml version="1.0" encoding="UTF-8"?>
<!-- Generated by org.testng.reporters.JUnitReportReporter -->
<testsuite hostname="victorReddy" failures="0" tests="4" name="com.tutorialsninja.Register" time="20.038" errors="0" timestamp="2024-04-17T21:05:13 IST" skipped="0">
  <testcase classname="com.tutorialsninja.Register" name="verityRegisterAnAccountWithMandatoryFields" time="4.874"/>
  <testcase classname="com.tutorialsninja.Register" name="verityRegisterAnAccountWithAllfields" time="5.633"/>
  <testcase classname="com.tutorialsninja.Register" name="verityRegisterAnAccountWithExistingEmailAddresss" time="5.143"/>
  <testcase classname="com.tutorialsninja.Register" name="verityRegisterAnAccountWithoutAntCretendials" time="4.388"/>
</testsuite> <!-- com.tutorialsninja.Register -->
